<?xml version="1.0" encoding="UTF-8"?>
<!-- Generated by org.testng.reporters.JUnitXMLReporter -->
<testsuite ignored="0" hostname="DESKTOP-J9AL891" failures="0" tests="5" name="Default test" time="1.63" errors="0" timestamp="2022-08-04T14:07:21 CST">
  <testcase classname="com.techgeeknext.controller.EmployeeControllerTest" name="extractGetEmployeesResponse" time="1.143"/>
  <testcase classname="com.techgeeknext.controller.EmployeeControllerTest" name="testEmployeesResponseBody" time="0.313"/>
  <testcase classname="com.techgeeknext.controller.EmployeeControllerTest" name="testEmployeesStatus" time="0.015"/>
  <testcase classname="com.techgeeknext.controller.EmployeeControllerTest" name="testGetEmployeeWithParam" time="0.064"/>
  <testcase classname="com.techgeeknext.controller.EmployeeControllerTest" name="testPostEmployee" time="0.059"/>
</testsuite> <!-- Default test -->
