<?xml version="1.0" encoding="UTF-8"?>
<!-- Generated by org.testng.reporters.JUnitXMLReporter -->
<testsuite ignored="3" hostname="DESKTOP-J9AL891" failures="0" tests="1" name="Default test" time="1.533" errors="0" timestamp="2022-08-02T11:55:48 CST">
  <testcase classname="test.TestExample" name="testDelete" time="1.504"/>
  <testcase classname="test.TestExample" name="testGET" time="0.0">
    <ignored/>
  </testcase> <!-- testGET -->
  <testcase classname="test.TestExample" name="testPOST" time="0.0">
    <ignored/>
  </testcase> <!-- testPOST -->
  <testcase classname="test.TestExample" name="testPUT" time="0.0">
    <ignored/>
  </testcase> <!-- testPUT -->
</testsuite> <!-- Default test -->
